#
# A fatal error has been detected by the Java Runtime Environment:
#
#  EXCEPTION_ACCESS_VIOLATION (0xc0000005) at pc=0x000000005801a0e0, pid=6820, tid=4644
#
# JRE version: Java(TM) SE Runtime Environment (8.0_77-b03) (build 1.8.0_77-b03)
# Java VM: Java HotSpot(TM) 64-Bit Server VM (25.77-b03 mixed mode windows-amd64 compressed oops)
# Problematic frame:
# V  [jvm.dll+0x1aa0e0]
#
# Failed to write core dump. Minidumps are not enabled by default on client versions of Windows
#
# If you would like to submit a bug report, please visit:
#   http://bugreport.java.com/bugreport/crash.jsp
#

---------------  T H R E A D  ---------------

Current thread (0x0000000019492000):  JavaThread "JDWP Transport Listener: dt_socket" daemon [_thread_in_vm, id=4644, stack(0x0000000019d30000,0x0000000019e30000)]

siginfo: ExceptionCode=0xc0000005, writing address 0x0000000051568a10

Registers:
RAX=0x0000000019611f30, RBX=0x0000000007016400, RCX=0x000000001948d6c0, RDX=0x0000000000000001
RSP=0x0000000019e2f780, RBP=0x0000000019e2f8c8, RSI=0x0000000100060028, RDI=0x000000000000001f
R8 =0x00000000194988b0, R9 =0x0000000000000001, R10=0x0000000000000000, R11=0x0000000019611f30
R12=0x00000000194b6a10, R13=0x0000000019e2f880, R14=0x0000000019e2f8c8, R15=0x000000000000001f
RIP=0x000000005801a0e0, EFLAGS=0x0000000000010202

Top of Stack: (sp=0x0000000019e2f780)
0x0000000019e2f780:   0000000007016400 0000000019e2f8c8
0x0000000019e2f790:   0000000100060028 00000000589f0c18
0x0000000019e2f7a0:   0000000019492000 0000000019493b60
0x0000000019e2f7b0:   000000001948d5d0 000000001948d5e0
0x0000000019e2f7c0:   000000001948d6b8 00000000000000d8
0x0000000019e2f7d0:   0000000019e2fba0 00000000580e94f4
0x0000000019e2f7e0:   0000000000000000 0000000000000000
0x0000000019e2f7f0:   000000001949a738 00000000d5f74cb0
0x0000000019e2f800:   0000000019492000 00000000581b20a3
0x0000000019e2f810:   0000000019e2f8c8 0000000019e2f880
0x0000000019e2f820:   00000000021f82f0 00000000589e6c0e
0x0000000019e2f830:   0000000019492000 0000000000000000
0x0000000019e2f840:   0000000000000000 0000000000000000
0x0000000019e2f850:   0000000000000000 00000000589d551f
0x0000000019e2f860:   0000000019e2f910 0000000000000001
0x0000000019e2f870:   0000000019491078 0000000019e2f940 

Instructions: (pc=0x000000005801a0e0)
0x000000005801a0c0:   48 8b 8e 80 01 00 00 48 8b 86 a0 01 00 00 48 8b
0x000000005801a0d0:   4c f9 08 48 63 5c b8 04 e8 43 1f ef ff 48 ff c7
0x000000005801a0e0:   49 89 04 dc 49 3b ff 7c d7 eb 23 45 85 ff 7e 1e
0x000000005801a0f0:   48 8b 86 80 01 00 00 48 8b 4c f8 08 e8 1f 1f ef 


Register to memory mapping:

RAX=0x0000000019611f30 is an unknown value
RBX=0x0000000007016400 is an unknown value
RCX=0x000000001948d6c0 is an unknown value
RDX=0x0000000000000001 is an unknown value
RSP=0x0000000019e2f780 is pointing into the stack for thread: 0x0000000019492000
RBP=0x0000000019e2f8c8 is pointing into the stack for thread: 0x0000000019492000
RSI=0x0000000100060028 is pointing into metadata
RDI=0x000000000000001f is an unknown value
R8 =0x00000000194988b0 is an unknown value
R9 =0x0000000000000001 is an unknown value
R10=0x0000000000000000 is an unknown value
R11=0x0000000019611f30 is an unknown value
R12=0x00000000194b6a10 is an unknown value
R13=0x0000000019e2f880 is pointing into the stack for thread: 0x0000000019492000
R14=0x0000000019e2f8c8 is pointing into the stack for thread: 0x0000000019492000
R15=0x000000000000001f is an unknown value


Stack: [0x0000000019d30000,0x0000000019e30000],  sp=0x0000000019e2f780,  free space=1021k
Native frames: (J=compiled Java code, j=interpreted, Vv=VM code, C=native code)
V  [jvm.dll+0x1aa0e0]
V  [jvm.dll+0x3420a3]
C  [jdwp.dll+0x551f]
C  [jdwp.dll+0xf0a8]
C  [jdwp.dll+0x1f2d5]
C  [jdwp.dll+0x1f4aa]
V  [jvm.dll+0x1bba58]
V  [jvm.dll+0x243434]
V  [jvm.dll+0x29a27a]
C  [msvcr100.dll+0x21d9f]
C  [msvcr100.dll+0x21e3b]
C  [KERNEL32.DLL+0x1842]
C  [ntdll.dll+0x40dfd]


---------------  P R O C E S S  ---------------

Java Threads: ( => current thread )
  0x0000000019549000 JavaThread "Service Thread" daemon [_thread_blocked, id=6708, stack(0x000000001a430000,0x000000001a530000)]
  0x00000000194b9800 JavaThread "C1 CompilerThread3" daemon [_thread_blocked, id=7096, stack(0x000000001a330000,0x000000001a430000)]
  0x00000000194b9000 JavaThread "C2 CompilerThread2" daemon [_thread_blocked, id=5388, stack(0x000000001a230000,0x000000001a330000)]
  0x00000000194b8000 JavaThread "C2 CompilerThread1" daemon [_thread_blocked, id=1224, stack(0x000000001a130000,0x000000001a230000)]
  0x00000000194b1800 JavaThread "C2 CompilerThread0" daemon [_thread_blocked, id=2080, stack(0x000000001a030000,0x000000001a130000)]
  0x00000000194a3800 JavaThread "JDWP Command Reader" daemon [_thread_in_native, id=4548, stack(0x0000000019f30000,0x000000001a030000)]
  0x00000000194a0800 JavaThread "JDWP Event Helper Thread" daemon [_thread_blocked, id=6988, stack(0x0000000019e30000,0x0000000019f30000)]
=>0x0000000019492000 JavaThread "JDWP Transport Listener: dt_socket" daemon [_thread_in_vm, id=4644, stack(0x0000000019d30000,0x0000000019e30000)]
  0x0000000019486000 JavaThread "Attach Listener" daemon [_thread_blocked, id=6324, stack(0x0000000019b30000,0x0000000019c30000)]
  0x000000001948e800 JavaThread "Signal Dispatcher" daemon [_thread_blocked, id=6660, stack(0x0000000019a30000,0x0000000019b30000)]
  0x0000000019480800 JavaThread "Finalizer" daemon [_thread_blocked, id=2976, stack(0x0000000019860000,0x0000000019960000)]
  0x00000000025d8000 JavaThread "Reference Handler" daemon [_thread_blocked, id=6268, stack(0x0000000019360000,0x0000000019460000)]
  0x00000000024e2800 JavaThread "main" [_thread_in_native, id=6204, stack(0x0000000002050000,0x0000000002150000)]

Other Threads:
  0x0000000017559800 VMThread [stack: 0x0000000019260000,0x0000000019360000] [id=52]
  0x000000001954a000 WatcherThread [stack: 0x000000001a530000,0x000000001a630000] [id=3060]

VM state:not at safepoint (normal execution)

VM Mutex/Monitor currently owned by a thread: None

Heap:
 PSYoungGen      total 38400K, used 2662K [0x00000000d5f00000, 0x00000000d8980000, 0x0000000100000000)
  eden space 33280K, 8% used [0x00000000d5f00000,0x00000000d61999d0,0x00000000d7f80000)
  from space 5120K, 0% used [0x00000000d8480000,0x00000000d8480000,0x00000000d8980000)
  to   space 5120K, 0% used [0x00000000d7f80000,0x00000000d7f80000,0x00000000d8480000)
 ParOldGen       total 87552K, used 0K [0x0000000081c00000, 0x0000000087180000, 0x00000000d5f00000)
  object space 87552K, 0% used [0x0000000081c00000,0x0000000081c00000,0x0000000087180000)
 Metaspace       used 4533K, capacity 5588K, committed 5888K, reserved 1056768K
  class space    used 435K, capacity 464K, committed 512K, reserved 1048576K

Card table byte_map: [0x00000000119a0000,0x0000000011da0000] byte_map_base: 0x0000000011592000

Marking Bits: (ParMarkBitMap*) 0x0000000058680600
 Begin Bits: [0x0000000012850000, 0x00000000147e0000)
 End Bits:   [0x00000000147e0000, 0x0000000016770000)

Polling page: 0x0000000000720000

CodeCache: size=245760Kb used=1282Kb max_used=1287Kb free=244477Kb
 bounds [0x00000000025e0000, 0x0000000002850000, 0x00000000115e0000]
 total_blobs=349 nmethods=107 adapters=163
 compilation: enabled

Compilation events (10 events):
Event: 14.424 Thread 0x00000000194b1800 nmethod 101 0x0000000002721c90 code [0x0000000002721de0, 0x0000000002722208]
Event: 14.424 Thread 0x00000000194b9800 nmethod 103 0x0000000002721110 code [0x00000000027212a0, 0x0000000002721578]
Event: 14.424 Thread 0x00000000194b9800  104       3       sun.util.calendar.ZoneInfoFile::indexOf (32 bytes)
Event: 14.424 Thread 0x00000000194b9800 nmethod 104 0x0000000002720790 code [0x0000000002720900, 0x0000000002720b70]
Event: 14.424 Thread 0x00000000194b9800  105       3       java.util.zip.CRC32::update (16 bytes)
Event: 14.424 Thread 0x00000000194b9800 nmethod 105 0x0000000002720410 code [0x0000000002720560, 0x00000000027206f0]
Event: 14.424 Thread 0x00000000194b9800  106       3       sun.util.calendar.ZoneInfoFile$Checksum::update (39 bytes)
Event: 14.424 Thread 0x00000000194b9800 nmethod 106 0x000000000271fe90 code [0x0000000002720000, 0x0000000002720310]
Event: 29.768 Thread 0x00000000194b9800  107       3       java.nio.charset.CoderResult::isUnderflow (13 bytes)
Event: 29.768 Thread 0x00000000194b9800 nmethod 107 0x000000000271fb10 code [0x000000000271fc60, 0x000000000271fe10]

GC Heap History (0 events):
No events

Deoptimization events (0 events):
No events

Internal exceptions (7 events):
Event: 0.025 Thread 0x00000000024e2800 Exception <a 'java/lang/NoSuchMethodError': Method sun.misc.Unsafe.defineClass(Ljava/lang/String;[BII)Ljava/lang/Class; name or signature does not match> (0x00000000d5f07cc0) thrown at [D:\re\workspace\8-2-build-windows-amd64-cygwin\jdk8u77\6540\hotspot\srN|X›ç•ô?
Event: 0.025 Thread 0x00000000024e2800 Exception <a 'java/lang/NoSuchMethodError': Method sun.misc.Unsafe.prefetchRead(Ljava/lang/Object;J)V name or signature does not match> (0x00000000d5f07fa8) thrown at [D:\re\workspace\8-2-build-windows-amd64-cygwin\jdk8u77\6540\hotspot\src\share\vm\prims\j
Event: 0.151 Thread 0x00000000024e2800 Exception <a 'java/security/PrivilegedActionException'> (0x00000000d61161d8) thrown at [D:\re\workspace\8-2-build-windows-amd64-cygwin\jdk8u77\6540\hotspot\src\share\vm\prims\jvm.cpp, line 1386]
Event: 0.151 Thread 0x00000000024e2800 Exception <a 'java/security/PrivilegedActionException'> (0x00000000d61165d0) thrown at [D:\re\workspace\8-2-build-windows-amd64-cygwin\jdk8u77\6540\hotspot\src\share\vm\prims\jvm.cpp, line 1386]
Event: 0.152 Thread 0x00000000024e2800 Exception <a 'java/security/PrivilegedActionException'> (0x00000000d611a360) thrown at [D:\re\workspace\8-2-build-windows-amd64-cygwin\jdk8u77\6540\hotspot\src\share\vm\prims\jvm.cpp, line 1386]
Event: 0.152 Thread 0x00000000024e2800 Exception <a 'java/security/PrivilegedActionException'> (0x00000000d611a758) thrown at [D:\re\workspace\8-2-build-windows-amd64-cygwin\jdk8u77\6540\hotspot\src\share\vm\prims\jvm.cpp, line 1386]
Event: 789.305 Thread 0x0000000019492000 Exception <a 'java/lang/IncompatibleClassChangeError': Implementing class> (0x00000000d5fa6a98) thrown at [D:\re\workspace\8-2-build-windows-amd64-cygwin\jdk8u77\6540\hotspot\src\share\vm\classfile\classFileParser.cpp, line 802]

Events (10 events):
Event: 3174.202 Executing VM operation: RedefineClasses
Event: 3174.203 Executing VM operation: RedefineClasses done
Event: 3709.422 Executing VM operation: RedefineClasses
Event: 3709.423 Executing VM operation: RedefineClasses done
Event: 3727.077 Executing VM operation: RedefineClasses
Event: 3727.078 Executing VM operation: RedefineClasses done
Event: 3791.154 Executing VM operation: RedefineClasses
Event: 3791.155 Executing VM operation: RedefineClasses done
Event: 4274.210 Executing VM operation: RedefineClasses
Event: 4274.211 Executing VM operation: RedefineClasses done


Dynamic libraries:
0x000007f796850000 - 0x000007f796887000 	C:\Program Files\Java\jre1.8.0_77\bin\javaw.exe
0x000007fe05bd0000 - 0x000007fe05d8e000 	C:\WINDOWS\SYSTEM32\ntdll.dll
0x000007fe04820000 - 0x000007fe04957000 	C:\WINDOWS\system32\KERNEL32.DLL
0x000007fe02bc0000 - 0x000007fe02cb4000 	C:\WINDOWS\system32\KERNELBASE.dll
0x000007fe05420000 - 0x000007fe054fe000 	C:\WINDOWS\system32\ADVAPI32.dll
0x000007fe04530000 - 0x000007fe0467c000 	C:\WINDOWS\system32\USER32.dll
0x000007fdffca0000 - 0x000007fdfff0a000 	C:\WINDOWS\WinSxS\amd64_microsoft.windows.common-controls_6595b64144ccf1df_6.0.9200.17359_none_4188b989718cf1c6\COMCTL32.dll
0x000007fe05500000 - 0x000007fe055a5000 	C:\WINDOWS\system32\msvcrt.dll
0x000007fe04bb0000 - 0x000007fe04bf8000 	C:\WINDOWS\SYSTEM32\sechost.dll
0x000007fe05010000 - 0x000007fe05150000 	C:\WINDOWS\system32\RPCRT4.dll
0x000007fe046d0000 - 0x000007fe04811000 	C:\WINDOWS\system32\GDI32.dll
0x000007fe04690000 - 0x000007fe046c9000 	C:\WINDOWS\system32\IMM32.DLL
0x000007fe05300000 - 0x000007fe05416000 	C:\WINDOWS\system32\MSCTF.dll
0x0000000058a10000 - 0x0000000058ae2000 	C:\Program Files\Java\jre1.8.0_77\bin\msvcr100.dll
0x0000000057e70000 - 0x0000000058700000 	C:\Program Files\Java\jre1.8.0_77\bin\server\jvm.dll
0x000007fdfbe70000 - 0x000007fdfbe79000 	C:\WINDOWS\SYSTEM32\WSOCK32.dll
0x000007fdfc7e0000 - 0x000007fdfc800000 	C:\WINDOWS\SYSTEM32\WINMM.dll
0x000007fe00600000 - 0x000007fe00609000 	C:\WINDOWS\SYSTEM32\VERSION.dll
0x000007fe04970000 - 0x000007fe04977000 	C:\WINDOWS\system32\PSAPI.DLL
0x000007fe051f0000 - 0x000007fe05248000 	C:\WINDOWS\system32\WS2_32.dll
0x000007fdfc770000 - 0x000007fdfc7a2000 	C:\WINDOWS\SYSTEM32\WINMMBASE.dll
0x000007fe04960000 - 0x000007fe04969000 	C:\WINDOWS\system32\NSI.dll
0x0000000057e60000 - 0x0000000057e6f000 	C:\Program Files\Java\jre1.8.0_77\bin\verify.dll
0x0000000057e30000 - 0x0000000057e59000 	C:\Program Files\Java\jre1.8.0_77\bin\java.dll
0x00000000589d0000 - 0x0000000058a05000 	C:\Program Files\Java\jre1.8.0_77\bin\jdwp.dll
0x00000000589c0000 - 0x00000000589c8000 	C:\Program Files\Java\jre1.8.0_77\bin\npt.dll
0x0000000057e10000 - 0x0000000057e26000 	C:\Program Files\Java\jre1.8.0_77\bin\zip.dll
0x000007fe03240000 - 0x000007fe04525000 	C:\WINDOWS\system32\SHELL32.dll
0x000007fe03030000 - 0x000007fe031e0000 	C:\WINDOWS\SYSTEM32\combase.dll
0x000007fe05940000 - 0x000007fe05990000 	C:\WINDOWS\system32\SHLWAPI.dll
0x000007fe00e20000 - 0x000007fe00eb6000 	C:\WINDOWS\SYSTEM32\SHCORE.dll
0x000007fe02af0000 - 0x000007fe02b05000 	C:\WINDOWS\SYSTEM32\profapi.dll
0x00000000589b0000 - 0x00000000589b9000 	C:\Program Files\Java\jre1.8.0_77\bin\dt_socket.dll
0x000007fdfb560000 - 0x000007fdfb574000 	C:\WINDOWS\system32\napinsp.dll
0x000007fdfb540000 - 0x000007fdfb558000 	C:\WINDOWS\system32\pnrpnsp.dll
0x000007fe00bb0000 - 0x000007fe00bc6000 	C:\WINDOWS\system32\NLAapi.dll
0x000007fe02340000 - 0x000007fe0239c000 	C:\WINDOWS\System32\mswsock.dll
0x000007fe02180000 - 0x000007fe02218000 	C:\WINDOWS\SYSTEM32\DNSAPI.dll
0x000007fdfaa70000 - 0x000007fdfaa82000 	C:\WINDOWS\System32\winrnr.dll
0x000007fdfaa50000 - 0x000007fdfaa64000 	C:\WINDOWS\system32\wshbth.dll
0x000007fe003f0000 - 0x000007fe00451000 	C:\WINDOWS\System32\fwpuclnt.dll
0x000007fdf9ba0000 - 0x000007fdf9ba8000 	C:\Windows\System32\rasadhlp.dll
0x000007fdfbb10000 - 0x000007fdfbc73000 	C:\WINDOWS\SYSTEM32\dbghelp.dll

VM Arguments:
jvm_args: -agentlib:jdwp=transport=dt_socket,suspend=y,address=localhost:49846 -Dfile.encoding=Cp1252 
java_command: main.CLIMain
java_class_path (initial): C:\Users\hyesung\git\CmpE133\bin
Launcher Type: SUN_STANDARD

Environment Variables:
PATH=C:/Program Files/Java/jre1.8.0_77/bin/server;C:/Program Files/Java/jre1.8.0_77/bin;C:/Program Files/Java/jre1.8.0_77/lib/amd64;C:\ProgramData\Oracle\Java\javapath;C:\Program Files (x86)\Intel\iCLS Client\;C:\Program Files\Intel\iCLS Client\;C:\WINDOWS\system32;C:\WINDOWS;C:\WINDOWS\System32\Wbem;C:\WINDOWS\System32\WindowsPowerShell\v1.0\;C:\Program Files\Intel\Intel(R) Management Engine Components\DAL;C:\Program Files\Intel\Intel(R) Management Engine Components\IPT;C:\Program Files (x86)\Intel\Intel(R) Management Engine Components\DAL;C:\Program Files (x86)\Intel\Intel(R) Management Engine Components\IPT;C:\Program Files (x86)\Intel\OpenCL SDK\2.0\bin\x86;C:\Program Files (x86)\Intel\OpenCL SDK\2.0\bin\x64;C:\Program Files\Intel\WiFi\bin\;C:\Program Files\Common Files\Intel\WirelessCommon\;C:\WINDOWS\system32;
USERNAME=hyesung
OS=Windows_NT
PROCESSOR_IDENTIFIER=Intel64 Family 6 Model 58 Stepping 9, GenuineIntel



---------------  S Y S T E M  ---------------

OS: Windows 8 , 64 bit Build 9200 (6.2.9200.16859)

CPU:total 8 (4 cores per cpu, 2 threads per core) family 6 model 58 stepping 9, cmov, cx8, fxsr, mmx, sse, sse2, sse3, ssse3, sse4.1, sse4.2, popcnt, avx, aes, clmul, erms, ht, tsc, tscinvbit, tscinv

Memory: 4k page, physical 8271708k(5135584k free), swap 9516892k(3850908k free)

vm_info: Java HotSpot(TM) 64-Bit Server VM (25.77-b03) for windows-amd64 JRE (1.8.0_77-b03), built on Mar 20 2016 22:01:33 by "java_re" with MS VC++ 10.0 (VS2010)

time: Thu May 05 18:35:07 2016
elapsed time: 4364 seconds (0d 1h 12m 44s)

