#
# A fatal error has been detected by the Java Runtime Environment:
#
#  EXCEPTION_ACCESS_VIOLATION (0xc0000005) at pc=0x000007fe05bd54dd, pid=3024, tid=4564
#
# JRE version: Java(TM) SE Runtime Environment (8.0_77-b03) (build 1.8.0_77-b03)
# Java VM: Java HotSpot(TM) 64-Bit Server VM (25.77-b03 mixed mode windows-amd64 compressed oops)
# Problematic frame:
# C  [ntdll.dll+0x54dd]
#
# Failed to write core dump. Minidumps are not enabled by default on client versions of Windows
#
# If you would like to submit a bug report, please visit:
#   http://bugreport.java.com/bugreport/crash.jsp
#

---------------  T H R E A D  ---------------

Current thread (0x0000000019782800):  JavaThread "JDWP Transport Listener: dt_socket" daemon [_thread_in_vm, id=4564, stack(0x000000001a020000,0x000000001a120000)]

siginfo: ExceptionCode=0xc0000005, reading address 0x00000ba6a58b1328

Registers:
RAX=0x000000001983a610, RBX=0x0000000019782800, RCX=0x00000000024d0000, RDX=0x0000000000000000
RSP=0x000000001a11f180, RBP=0x000000ffffffffff, RSI=0x00000000197a4d30, RDI=0x00000ba6a58b1320
R8 =0x00000000197a4d40, R9 =0x000000000000ff00, R10=0x0000000000000000, R11=0x00000000197bdccd
R12=0x00000000197a4d40, R13=0x000000001978b238, R14=0x00000000024d0000, R15=0x0000000000000000
RIP=0x000007fe05bd54dd, EFLAGS=0x0000000000010202

Top of Stack: (sp=0x000000001a11f180)
0x000000001a11f180:   000000001978ae89 00000000580169aa
0x000000001a11f190:   000000001978b238 000000001a11f300
0x000000001a11f1a0:   0000000000000000 0000000000000000
0x000000001a11f1b0:   0000000000000000 00000000024d82f0
0x000000001a11f1c0:   00000000197bc260 0000000058a78d94
0x000000001a11f1d0:   00000000024d82f0 0000000019782800
0x000000001a11f1e0:   000000001978b238 0000000000000001
0x000000001a11f1f0:   0000000000000000 0000000000000000
0x000000001a11f200:   0000000000000000 00000000024d82f0
0x000000001a11f210:   00000000197a4d40 0000000058a78d94
0x000000001a11f220:   000000001a11f2d8 0000000019782800
0x000000001a11f230:   0000000019782800 00000000581bac23
0x000000001a11f240:   0000000019782800 0000000058011d69
0x000000001a11f250:   000000001983a498 00000000589f291e
0x000000001a11f260:   0000000019782800 0000000000000000
0x000000001a11f270:   0000000000000000 000000005819e2c6 

Instructions: (pc=0x000007fe05bd54dd)
0x000007fe05bd54bd:   4c 89 6c 24 60 49 33 fe 48 23 c5 48 c1 ef 04 48
0x000007fe05bd54cd:   33 f8 48 33 3d 3a 22 13 00 48 c1 e7 04 0f 0d 0f
0x000007fe05bd54dd:   4c 8b 6f 08 33 d2 8b 5f 20 85 db 0f 88 04 96 09
0x000007fe05bd54ed:   00 8b cb 8b c3 81 c9 00 00 00 80 f0 0f b1 4f 20 


Register to memory mapping:

RAX=0x000000001983a610 is an unknown value
RBX=0x0000000019782800 is a thread
RCX=0x00000000024d0000 is an unknown value
RDX=0x0000000000000000 is an unknown value
RSP=0x000000001a11f180 is pointing into the stack for thread: 0x0000000019782800
RBP=0x000000ffffffffff is an unknown value
RSI=0x00000000197a4d30 is an unknown value
RDI=0x00000ba6a58b1320 is an unknown value
R8 =0x00000000197a4d40 is an unknown value
R9 =0x000000000000ff00 is an unknown value
R10=0x0000000000000000 is an unknown value
R11=0x00000000197bdccd is an unknown value
R12=0x00000000197a4d40 is an unknown value
R13=0x000000001978b238 is an unknown value
R14=0x00000000024d0000 is an unknown value
R15=0x0000000000000000 is an unknown value


Stack: [0x000000001a020000,0x000000001a120000],  sp=0x000000001a11f180,  free space=1020k
Native frames: (J=compiled Java code, j=interpreted, Vv=VM code, C=native code)
C  [ntdll.dll+0x54dd]
C  [msvcr100.dll+0x68d94]
V  [jvm.dll+0x1a1d69]
V  [jvm.dll+0x32e2c6]
C  [jdwp.dll+0x2291e]
C  [jdwp.dll+0x558c]
C  [jdwp.dll+0xf0a8]
C  [jdwp.dll+0x1f2d5]
C  [jdwp.dll+0x1f4aa]
V  [jvm.dll+0x1bba58]
V  [jvm.dll+0x243434]
V  [jvm.dll+0x29a27a]
C  [msvcr100.dll+0x21d9f]
C  [msvcr100.dll+0x21e3b]
C  [KERNEL32.DLL+0x1842]
C  [ntdll.dll+0x40dfd]


---------------  P R O C E S S  ---------------

Java Threads: ( => current thread )
  0x0000000019838800 JavaThread "Service Thread" daemon [_thread_blocked, id=3524, stack(0x000000001a720000,0x000000001a820000)]
  0x00000000197a9800 JavaThread "C1 CompilerThread3" daemon [_thread_blocked, id=380, stack(0x000000001a620000,0x000000001a720000)]
  0x00000000197a8800 JavaThread "C2 CompilerThread2" daemon [_thread_blocked, id=1144, stack(0x000000001a520000,0x000000001a620000)]
  0x00000000197a8000 JavaThread "C2 CompilerThread1" daemon [_thread_blocked, id=5872, stack(0x000000001a420000,0x000000001a520000)]
  0x000000001979f000 JavaThread "C2 CompilerThread0" daemon [_thread_blocked, id=5452, stack(0x000000001a320000,0x000000001a420000)]
  0x0000000019792800 JavaThread "JDWP Command Reader" daemon [_thread_in_native, id=5348, stack(0x000000001a220000,0x000000001a320000)]
  0x000000001978f800 JavaThread "JDWP Event Helper Thread" daemon [_thread_blocked, id=1256, stack(0x000000001a120000,0x000000001a220000)]
=>0x0000000019782800 JavaThread "JDWP Transport Listener: dt_socket" daemon [_thread_in_vm, id=4564, stack(0x000000001a020000,0x000000001a120000)]
  0x0000000019777000 JavaThread "Attach Listener" daemon [_thread_blocked, id=5456, stack(0x0000000019e20000,0x0000000019f20000)]
  0x0000000019776800 JavaThread "Signal Dispatcher" daemon [_thread_blocked, id=3728, stack(0x0000000019d20000,0x0000000019e20000)]
  0x0000000019770800 JavaThread "Finalizer" daemon [_thread_blocked, id=40, stack(0x0000000019b50000,0x0000000019c50000)]
  0x00000000028b6000 JavaThread "Reference Handler" daemon [_thread_blocked, id=4444, stack(0x0000000019650000,0x0000000019750000)]
  0x00000000027c2800 JavaThread "main" [_thread_blocked, id=4504, stack(0x00000000023b0000,0x00000000024b0000)]

Other Threads:
  0x000000001783a000 VMThread [stack: 0x0000000019550000,0x0000000019650000] [id=3368]
  0x000000001983c000 WatcherThread [stack: 0x000000001a820000,0x000000001a920000] [id=4624]

VM state:not at safepoint (normal execution)

VM Mutex/Monitor currently owned by a thread: None

Heap:
 PSYoungGen      total 38400K, used 2670K [0x00000000d5f00000, 0x00000000d8980000, 0x0000000100000000)
  eden space 33280K, 8% used [0x00000000d5f00000,0x00000000d619b9d0,0x00000000d7f80000)
  from space 5120K, 0% used [0x00000000d8480000,0x00000000d8480000,0x00000000d8980000)
  to   space 5120K, 0% used [0x00000000d7f80000,0x00000000d7f80000,0x00000000d8480000)
 ParOldGen       total 87552K, used 0K [0x0000000081c00000, 0x0000000087180000, 0x00000000d5f00000)
  object space 87552K, 0% used [0x0000000081c00000,0x0000000081c00000,0x0000000087180000)
 Metaspace       used 4398K, capacity 5612K, committed 5888K, reserved 1056768K
  class space    used 407K, capacity 424K, committed 512K, reserved 1048576K

Card table byte_map: [0x0000000011c80000,0x0000000012080000] byte_map_base: 0x0000000011872000

Marking Bits: (ParMarkBitMap*) 0x0000000058680600
 Begin Bits: [0x0000000012b30000, 0x0000000014ac0000)
 End Bits:   [0x0000000014ac0000, 0x0000000016a50000)

Polling page: 0x00000000022d0000

CodeCache: size=245760Kb used=1242Kb max_used=1242Kb free=244517Kb
 bounds [0x00000000028c0000, 0x0000000002b30000, 0x00000000118c0000]
 total_blobs=316 nmethods=83 adapters=154
 compilation: enabled

Compilation events (10 events):
Event: 0.159 Thread 0x00000000197a8800 nmethod 77 0x00000000029f03d0 code [0x00000000029f0520, 0x00000000029f06f8]
Event: 0.160 Thread 0x00000000197a9800 nmethod 79 0x00000000029ed850 code [0x00000000029edb40, 0x00000000029ef618]
Event: 2897.787 Thread 0x00000000197a9800   80       3       java.lang.String::replace (127 bytes)
Event: 2897.788 Thread 0x00000000197a9800 nmethod 80 0x00000000029f0810 code [0x00000000029f09c0, 0x00000000029f1070]
Event: 2897.788 Thread 0x00000000197a9800   81       1       java.net.URL::getQuery (5 bytes)
Event: 2897.788 Thread 0x00000000197a9800 nmethod 81 0x00000000029f1450 code [0x00000000029f15a0, 0x00000000029f16b0]
Event: 2897.788 Thread 0x00000000197a9800   83  s!   3       sun.misc.URLClassPath::getLoader (197 bytes)
Event: 2897.790 Thread 0x00000000197a9800 nmethod 83 0x00000000029f1710 code [0x00000000029f1ae0, 0x00000000029f42c8]
Event: 2897.790 Thread 0x00000000197a9800   82  s    3       sun.misc.URLClassPath::getNextLoader (88 bytes)
Event: 2897.791 Thread 0x00000000197a9800 nmethod 82 0x00000000029f5bd0 code [0x00000000029f5dc0, 0x00000000029f6688]

GC Heap History (0 events):
No events

Deoptimization events (0 events):
No events

Internal exceptions (6 events):
Event: 0.033 Thread 0x00000000027c2800 Exception <a 'java/lang/NoSuchMethodError': Method sun.misc.Unsafe.defineClass(Ljava/lang/String;[BII)Ljava/lang/Class; name or signature does not match> (0x00000000d5f07cc0) thrown at [D:\re\workspace\8-2-build-windows-amd64-cygwin\jdk8u77\6540\hotspot\sr3¸©’T¡?
Event: 0.033 Thread 0x00000000027c2800 Exception <a 'java/lang/NoSuchMethodError': Method sun.misc.Unsafe.prefetchRead(Ljava/lang/Object;J)V name or signature does not match> (0x00000000d5f07fa8) thrown at [D:\re\workspace\8-2-build-windows-amd64-cygwin\jdk8u77\6540\hotspot\src\share\vm\prims\j½¯´ÂYÃ?
Event: 0.151 Thread 0x00000000027c2800 Exception <a 'java/security/PrivilegedActionException'> (0x00000000d6112128) thrown at [D:\re\workspace\8-2-build-windows-amd64-cygwin\jdk8u77\6540\hotspot\src\share\vm\prims\jvm.cpp, line 1386]
Event: 0.151 Thread 0x00000000027c2800 Exception <a 'java/security/PrivilegedActionException'> (0x00000000d6112520) thrown at [D:\re\workspace\8-2-build-windows-amd64-cygwin\jdk8u77\6540\hotspot\src\share\vm\prims\jvm.cpp, line 1386]
Event: 0.152 Thread 0x00000000027c2800 Exception <a 'java/security/PrivilegedActionException'> (0x00000000d61162b0) thrown at [D:\re\workspace\8-2-build-windows-amd64-cygwin\jdk8u77\6540\hotspot\src\share\vm\prims\jvm.cpp, line 1386]
Event: 0.152 Thread 0x00000000027c2800 Exception <a 'java/security/PrivilegedActionException'> (0x00000000d61166a8) thrown at [D:\re\workspace\8-2-build-windows-amd64-cygwin\jdk8u77\6540\hotspot\src\share\vm\prims\jvm.cpp, line 1386]

Events (10 events):
Event: 5750.640 Executing VM operation: RedefineClasses
Event: 5750.641 Executing VM operation: RedefineClasses done
Event: 6004.029 Executing VM operation: RedefineClasses
Event: 6004.030 Executing VM operation: RedefineClasses done
Event: 6024.107 Executing VM operation: RedefineClasses
Event: 6024.108 Executing VM operation: RedefineClasses done
Event: 6083.868 Executing VM operation: RedefineClasses
Event: 6083.868 Executing VM operation: RedefineClasses done
Event: 6088.591 Executing VM operation: RedefineClasses
Event: 6088.591 Executing VM operation: RedefineClasses done


Dynamic libraries:
0x000007f796850000 - 0x000007f796887000 	C:\Program Files\Java\jre1.8.0_77\bin\javaw.exe
0x000007fe05bd0000 - 0x000007fe05d8e000 	C:\WINDOWS\SYSTEM32\ntdll.dll
0x000007fe04820000 - 0x000007fe04957000 	C:\WINDOWS\system32\KERNEL32.DLL
0x000007fe02bc0000 - 0x000007fe02cb4000 	C:\WINDOWS\system32\KERNELBASE.dll
0x000007fe05420000 - 0x000007fe054fe000 	C:\WINDOWS\system32\ADVAPI32.dll
0x000007fe04530000 - 0x000007fe0467c000 	C:\WINDOWS\system32\USER32.dll
0x000007fdffca0000 - 0x000007fdfff0a000 	C:\WINDOWS\WinSxS\amd64_microsoft.windows.common-controls_6595b64144ccf1df_6.0.9200.17359_none_4188b989718cf1c6\COMCTL32.dll
0x000007fe05500000 - 0x000007fe055a5000 	C:\WINDOWS\system32\msvcrt.dll
0x000007fe04bb0000 - 0x000007fe04bf8000 	C:\WINDOWS\SYSTEM32\sechost.dll
0x000007fe05010000 - 0x000007fe05150000 	C:\WINDOWS\system32\RPCRT4.dll
0x000007fe046d0000 - 0x000007fe04811000 	C:\WINDOWS\system32\GDI32.dll
0x000007fe04690000 - 0x000007fe046c9000 	C:\WINDOWS\system32\IMM32.DLL
0x000007fe05300000 - 0x000007fe05416000 	C:\WINDOWS\system32\MSCTF.dll
0x0000000058a10000 - 0x0000000058ae2000 	C:\Program Files\Java\jre1.8.0_77\bin\msvcr100.dll
0x0000000057e70000 - 0x0000000058700000 	C:\Program Files\Java\jre1.8.0_77\bin\server\jvm.dll
0x000007fdfbe70000 - 0x000007fdfbe79000 	C:\WINDOWS\SYSTEM32\WSOCK32.dll
0x000007fdfc7e0000 - 0x000007fdfc800000 	C:\WINDOWS\SYSTEM32\WINMM.dll
0x000007fe00600000 - 0x000007fe00609000 	C:\WINDOWS\SYSTEM32\VERSION.dll
0x000007fe04970000 - 0x000007fe04977000 	C:\WINDOWS\system32\PSAPI.DLL
0x000007fe051f0000 - 0x000007fe05248000 	C:\WINDOWS\system32\WS2_32.dll
0x000007fdfc770000 - 0x000007fdfc7a2000 	C:\WINDOWS\SYSTEM32\WINMMBASE.dll
0x000007fe04960000 - 0x000007fe04969000 	C:\WINDOWS\system32\NSI.dll
0x0000000057e60000 - 0x0000000057e6f000 	C:\Program Files\Java\jre1.8.0_77\bin\verify.dll
0x0000000057e30000 - 0x0000000057e59000 	C:\Program Files\Java\jre1.8.0_77\bin\java.dll
0x00000000589d0000 - 0x0000000058a05000 	C:\Program Files\Java\jre1.8.0_77\bin\jdwp.dll
0x00000000589c0000 - 0x00000000589c8000 	C:\Program Files\Java\jre1.8.0_77\bin\npt.dll
0x0000000057e10000 - 0x0000000057e26000 	C:\Program Files\Java\jre1.8.0_77\bin\zip.dll
0x000007fe03240000 - 0x000007fe04525000 	C:\WINDOWS\system32\SHELL32.dll
0x000007fe03030000 - 0x000007fe031e0000 	C:\WINDOWS\SYSTEM32\combase.dll
0x000007fe05940000 - 0x000007fe05990000 	C:\WINDOWS\system32\SHLWAPI.dll
0x000007fe00e20000 - 0x000007fe00eb6000 	C:\WINDOWS\SYSTEM32\SHCORE.dll
0x000007fe02af0000 - 0x000007fe02b05000 	C:\WINDOWS\SYSTEM32\profapi.dll
0x00000000589b0000 - 0x00000000589b9000 	C:\Program Files\Java\jre1.8.0_77\bin\dt_socket.dll
0x000007fdfb560000 - 0x000007fdfb574000 	C:\WINDOWS\system32\napinsp.dll
0x000007fdfb540000 - 0x000007fdfb558000 	C:\WINDOWS\system32\pnrpnsp.dll
0x000007fe00bb0000 - 0x000007fe00bc6000 	C:\WINDOWS\system32\NLAapi.dll
0x000007fe02340000 - 0x000007fe0239c000 	C:\WINDOWS\System32\mswsock.dll
0x000007fe02180000 - 0x000007fe02218000 	C:\WINDOWS\SYSTEM32\DNSAPI.dll
0x000007fdfaa70000 - 0x000007fdfaa82000 	C:\WINDOWS\System32\winrnr.dll
0x000007fdfaa50000 - 0x000007fdfaa64000 	C:\WINDOWS\system32\wshbth.dll
0x000007fe003f0000 - 0x000007fe00451000 	C:\WINDOWS\System32\fwpuclnt.dll
0x000007fdf9ba0000 - 0x000007fdf9ba8000 	C:\Windows\System32\rasadhlp.dll
0x000007fdfbb10000 - 0x000007fdfbc73000 	C:\WINDOWS\SYSTEM32\dbghelp.dll

VM Arguments:
jvm_args: -agentlib:jdwp=transport=dt_socket,suspend=y,address=localhost:49620 -Dfile.encoding=Cp1252 
java_command: main.CLIMain
java_class_path (initial): C:\Users\hyesung\git\CmpE133\bin
Launcher Type: SUN_STANDARD

Environment Variables:
PATH=C:/Program Files/Java/jre1.8.0_77/bin/server;C:/Program Files/Java/jre1.8.0_77/bin;C:/Program Files/Java/jre1.8.0_77/lib/amd64;C:\ProgramData\Oracle\Java\javapath;C:\Program Files (x86)\Intel\iCLS Client\;C:\Program Files\Intel\iCLS Client\;C:\WINDOWS\system32;C:\WINDOWS;C:\WINDOWS\System32\Wbem;C:\WINDOWS\System32\WindowsPowerShell\v1.0\;C:\Program Files\Intel\Intel(R) Management Engine Components\DAL;C:\Program Files\Intel\Intel(R) Management Engine Components\IPT;C:\Program Files (x86)\Intel\Intel(R) Management Engine Components\DAL;C:\Program Files (x86)\Intel\Intel(R) Management Engine Components\IPT;C:\Program Files (x86)\Intel\OpenCL SDK\2.0\bin\x86;C:\Program Files (x86)\Intel\OpenCL SDK\2.0\bin\x64;C:\Program Files\Intel\WiFi\bin\;C:\Program Files\Common Files\Intel\WirelessCommon\;C:\WINDOWS\system32;
USERNAME=hyesung
OS=Windows_NT
PROCESSOR_IDENTIFIER=Intel64 Family 6 Model 58 Stepping 9, GenuineIntel



---------------  S Y S T E M  ---------------

OS: Windows 8 , 64 bit Build 9200 (6.2.9200.16859)

CPU:total 8 (4 cores per cpu, 2 threads per core) family 6 model 58 stepping 9, cmov, cx8, fxsr, mmx, sse, sse2, sse3, ssse3, sse4.1, sse4.2, popcnt, avx, aes, clmul, erms, ht, tsc, tscinvbit, tscinv

Memory: 4k page, physical 8271708k(5492532k free), swap 9516892k(5353088k free)

vm_info: Java HotSpot(TM) 64-Bit Server VM (25.77-b03) for windows-amd64 JRE (1.8.0_77-b03), built on Mar 20 2016 22:01:33 by "java_re" with MS VC++ 10.0 (VS2010)

time: Thu May 05 17:41:11 2016
elapsed time: 6088 seconds (0d 1h 41m 28s)

