#
# A fatal error has been detected by the Java Runtime Environment:
#
#  EXCEPTION_ACCESS_VIOLATION (0xc0000005) at pc=0x000000005801a0e0, pid=4264, tid=5200
#
# JRE version: Java(TM) SE Runtime Environment (8.0_77-b03) (build 1.8.0_77-b03)
# Java VM: Java HotSpot(TM) 64-Bit Server VM (25.77-b03 mixed mode windows-amd64 compressed oops)
# Problematic frame:
# V  [jvm.dll+0x1aa0e0]
#
# Failed to write core dump. Minidumps are not enabled by default on client versions of Windows
#
# If you would like to submit a bug report, please visit:
#   http://bugreport.java.com/bugreport/crash.jsp
#

---------------  T H R E A D  ---------------

Current thread (0x0000000019173800):  JavaThread "JDWP Transport Listener: dt_socket" daemon [_thread_in_vm, id=5200, stack(0x0000000019a20000,0x0000000019b20000)]

siginfo: ExceptionCode=0xc0000005, writing address 0x00000003392457b0

Registers:
RAX=0x00000000192fa1c0, RBX=0x0000000064016400, RCX=0x000000001917bd20, RDX=0x0000000000000001
RSP=0x0000000019b1f440, RBP=0x0000000019b1f588, RSI=0x0000000100060028, RDI=0x000000000000001f
R8 =0x00000000191796a0, R9 =0x0000000000000001, R10=0x0000000000000000, R11=0x00000000192fa1c0
R12=0x00000000191937b0, R13=0x0000000019b1f540, R14=0x0000000019b1f588, R15=0x000000000000001f
RIP=0x000000005801a0e0, EFLAGS=0x0000000000010202

Top of Stack: (sp=0x0000000019b1f440)
0x0000000019b1f440:   0000000064016400 0000000019b1f588
0x0000000019b1f450:   0000000100060028 00000000589f0c18
0x0000000019b1f460:   0000000019173800 0000000019174ed0
0x0000000019b1f470:   000000001917bc30 000000001917bc40
0x0000000019b1f480:   000000001917bd18 00000000000000d8
0x0000000019b1f490:   0000000019b1f860 00000000580e94f4
0x0000000019b1f4a0:   0000000000000000 0000000000000000
0x0000000019b1f4b0:   000000001917bc28 00000000d5f74cb8
0x0000000019b1f4c0:   0000000019173800 00000000581b20a3
0x0000000019b1f4d0:   0000000019b1f588 0000000019b1f540
0x0000000019b1f4e0:   0000000001eb82f0 00000000589e6c0e
0x0000000019b1f4f0:   0000000019173800 0000000000000000
0x0000000019b1f500:   0000000000000000 0000000000000000
0x0000000019b1f510:   0000000000000000 00000000589d551f
0x0000000019b1f520:   0000000019b1f5d0 0000000000000001
0x0000000019b1f530:   0000000017134448 0000000019b1f600 

Instructions: (pc=0x000000005801a0e0)
0x000000005801a0c0:   48 8b 8e 80 01 00 00 48 8b 86 a0 01 00 00 48 8b
0x000000005801a0d0:   4c f9 08 48 63 5c b8 04 e8 43 1f ef ff 48 ff c7
0x000000005801a0e0:   49 89 04 dc 49 3b ff 7c d7 eb 23 45 85 ff 7e 1e
0x000000005801a0f0:   48 8b 86 80 01 00 00 48 8b 4c f8 08 e8 1f 1f ef 


Register to memory mapping:

RAX=0x00000000192fa1c0 is an unknown value
RBX=0x0000000064016400 is an unknown value
RCX=0x000000001917bd20 is an unknown value
RDX=0x0000000000000001 is an unknown value
RSP=0x0000000019b1f440 is pointing into the stack for thread: 0x0000000019173800
RBP=0x0000000019b1f588 is pointing into the stack for thread: 0x0000000019173800
RSI=0x0000000100060028 is pointing into metadata
RDI=0x000000000000001f is an unknown value
R8 =0x00000000191796a0 is an unknown value
R9 =0x0000000000000001 is an unknown value
R10=0x0000000000000000 is an unknown value
R11=0x00000000192fa1c0 is an unknown value
R12=0x00000000191937b0 is an unknown value
R13=0x0000000019b1f540 is pointing into the stack for thread: 0x0000000019173800
R14=0x0000000019b1f588 is pointing into the stack for thread: 0x0000000019173800
R15=0x000000000000001f is an unknown value


Stack: [0x0000000019a20000,0x0000000019b20000],  sp=0x0000000019b1f440,  free space=1021k
Native frames: (J=compiled Java code, j=interpreted, Vv=VM code, C=native code)
V  [jvm.dll+0x1aa0e0]
V  [jvm.dll+0x3420a3]
C  [jdwp.dll+0x551f]
C  [jdwp.dll+0xf0a8]
C  [jdwp.dll+0x1f2d5]
C  [jdwp.dll+0x1f4aa]
V  [jvm.dll+0x1bba58]
V  [jvm.dll+0x243434]
V  [jvm.dll+0x29a27a]
C  [msvcr100.dll+0x21d9f]
C  [msvcr100.dll+0x21e3b]
C  [KERNEL32.DLL+0x1842]
C  [ntdll.dll+0x40dfd]


---------------  P R O C E S S  ---------------

Java Threads: ( => current thread )
  0x0000000019229000 JavaThread "Service Thread" daemon [_thread_blocked, id=6968, stack(0x000000001a120000,0x000000001a220000)]
  0x0000000019197800 JavaThread "C1 CompilerThread3" daemon [_thread_blocked, id=864, stack(0x000000001a020000,0x000000001a120000)]
  0x0000000019196800 JavaThread "C2 CompilerThread2" daemon [_thread_blocked, id=6096, stack(0x0000000019f20000,0x000000001a020000)]
  0x0000000019195800 JavaThread "C2 CompilerThread1" daemon [_thread_blocked, id=1864, stack(0x0000000019e20000,0x0000000019f20000)]
  0x000000001918c800 JavaThread "C2 CompilerThread0" daemon [_thread_blocked, id=6648, stack(0x0000000019d20000,0x0000000019e20000)]
  0x0000000019181000 JavaThread "JDWP Command Reader" daemon [_thread_in_native, id=7092, stack(0x0000000019c20000,0x0000000019d20000)]
  0x000000001917e000 JavaThread "JDWP Event Helper Thread" daemon [_thread_blocked, id=6976, stack(0x0000000019b20000,0x0000000019c20000)]
=>0x0000000019173800 JavaThread "JDWP Transport Listener: dt_socket" daemon [_thread_in_vm, id=5200, stack(0x0000000019a20000,0x0000000019b20000)]
  0x0000000019169000 JavaThread "Attach Listener" daemon [_thread_blocked, id=6852, stack(0x0000000019820000,0x0000000019920000)]
  0x0000000019166000 JavaThread "Signal Dispatcher" daemon [_thread_blocked, id=7040, stack(0x0000000019720000,0x0000000019820000)]
  0x000000000229d000 JavaThread "Finalizer" daemon [_thread_blocked, id=4904, stack(0x0000000019540000,0x0000000019640000)]
  0x0000000002296000 JavaThread "Reference Handler" daemon [_thread_blocked, id=5212, stack(0x0000000019040000,0x0000000019140000)]
  0x00000000021a2800 JavaThread "main" [_thread_in_native, id=4552, stack(0x0000000001d90000,0x0000000001e90000)]

Other Threads:
  0x000000001725a000 VMThread [stack: 0x0000000018f40000,0x0000000019040000] [id=7124]
  0x0000000019231000 WatcherThread [stack: 0x000000001a220000,0x000000001a320000] [id=5412]

VM state:not at safepoint (normal execution)

VM Mutex/Monitor currently owned by a thread: None

Heap:
 PSYoungGen      total 38400K, used 2662K [0x00000000d5f00000, 0x00000000d8980000, 0x0000000100000000)
  eden space 33280K, 8% used [0x00000000d5f00000,0x00000000d61999f8,0x00000000d7f80000)
  from space 5120K, 0% used [0x00000000d8480000,0x00000000d8480000,0x00000000d8980000)
  to   space 5120K, 0% used [0x00000000d7f80000,0x00000000d7f80000,0x00000000d8480000)
 ParOldGen       total 87552K, used 0K [0x0000000081c00000, 0x0000000087180000, 0x00000000d5f00000)
  object space 87552K, 0% used [0x0000000081c00000,0x0000000081c00000,0x0000000087180000)
 Metaspace       used 4211K, capacity 5268K, committed 5376K, reserved 1056768K
  class space    used 429K, capacity 464K, committed 512K, reserved 1048576K

Card table byte_map: [0x0000000011670000,0x0000000011a70000] byte_map_base: 0x0000000011262000

Marking Bits: (ParMarkBitMap*) 0x0000000058680600
 Begin Bits: [0x0000000012520000, 0x00000000144b0000)
 End Bits:   [0x00000000144b0000, 0x0000000016440000)

Polling page: 0x0000000001e90000

CodeCache: size=245760Kb used=1307Kb max_used=1307Kb free=244452Kb
 bounds [0x00000000022b0000, 0x0000000002520000, 0x00000000112b0000]
 total_blobs=360 nmethods=117 adapters=164
 compilation: enabled

Compilation events (10 events):
Event: 34.849 Thread 0x0000000019197800  113       3       java.nio.Buffer::remaining (10 bytes)
Event: 34.849 Thread 0x0000000019197800 nmethod 113 0x00000000023f1f90 code [0x00000000023f20e0, 0x00000000023f2230]
Event: 34.849 Thread 0x0000000019197800  114       3       java.nio.ByteBuffer::array (35 bytes)
Event: 34.849 Thread 0x0000000019197800 nmethod 114 0x00000000023f5c10 code [0x00000000023f5da0, 0x00000000023f60d8]
Event: 40.762 Thread 0x0000000019197800  115       3       java.nio.Buffer::limit (62 bytes)
Event: 40.762 Thread 0x0000000019197800 nmethod 115 0x00000000023f6250 code [0x00000000023f63c0, 0x00000000023f66e8]
Event: 43.251 Thread 0x0000000019197800  116       3       java.io.BufferedWriter::ensureOpen (18 bytes)
Event: 43.251 Thread 0x0000000019197800 nmethod 116 0x00000000023f67d0 code [0x00000000023f6940, 0x00000000023f6ba8]
Event: 43.251 Thread 0x0000000019197800  117       1       sun.nio.cs.StreamEncoder::isOpen (5 bytes)
Event: 43.251 Thread 0x0000000019197800 nmethod 117 0x00000000023f6c90 code [0x00000000023f6de0, 0x00000000023f6ef0]

GC Heap History (0 events):
No events

Deoptimization events (0 events):
No events

Internal exceptions (6 events):
Event: 0.030 Thread 0x00000000021a2800 Exception <a 'java/lang/NoSuchMethodError': Method sun.misc.Unsafe.defineClass(Ljava/lang/String;[BII)Ljava/lang/Class; name or signature does not match> (0x00000000d5f07cc0) thrown at [D:\re\workspace\8-2-build-windows-amd64-cygwin\jdk8u77\6540\hotspot\srüÞÓÈkož?
Event: 0.030 Thread 0x00000000021a2800 Exception <a 'java/lang/NoSuchMethodError': Method sun.misc.Unsafe.prefetchRead(Ljava/lang/Object;J)V name or signature does not match> (0x00000000d5f07fa8) thrown at [D:\re\workspace\8-2-build-windows-amd64-cygwin\jdk8u77\6540\hotspot\src\share\vm\prims\jú|ÞTúÃ?
Event: 0.156 Thread 0x00000000021a2800 Exception <a 'java/security/PrivilegedActionException'> (0x00000000d61133d8) thrown at [D:\re\workspace\8-2-build-windows-amd64-cygwin\jdk8u77\6540\hotspot\src\share\vm\prims\jvm.cpp, line 1386]
Event: 0.156 Thread 0x00000000021a2800 Exception <a 'java/security/PrivilegedActionException'> (0x00000000d61137d0) thrown at [D:\re\workspace\8-2-build-windows-amd64-cygwin\jdk8u77\6540\hotspot\src\share\vm\prims\jvm.cpp, line 1386]
Event: 0.157 Thread 0x00000000021a2800 Exception <a 'java/security/PrivilegedActionException'> (0x00000000d6117560) thrown at [D:\re\workspace\8-2-build-windows-amd64-cygwin\jdk8u77\6540\hotspot\src\share\vm\prims\jvm.cpp, line 1386]
Event: 0.157 Thread 0x00000000021a2800 Exception <a 'java/security/PrivilegedActionException'> (0x00000000d6117958) thrown at [D:\re\workspace\8-2-build-windows-amd64-cygwin\jdk8u77\6540\hotspot\src\share\vm\prims\jvm.cpp, line 1386]

Events (10 events):
Event: 1918.644 Executing VM operation: RedefineClasses
Event: 1918.644 Executing VM operation: RedefineClasses done
Event: 2484.605 Executing VM operation: RedefineClasses
Event: 2484.605 Executing VM operation: RedefineClasses done
Event: 2502.258 Executing VM operation: RedefineClasses
Event: 2502.259 Executing VM operation: RedefineClasses done
Event: 2566.336 Executing VM operation: RedefineClasses
Event: 2566.336 Executing VM operation: RedefineClasses done
Event: 3049.392 Executing VM operation: RedefineClasses
Event: 3049.393 Executing VM operation: RedefineClasses done


Dynamic libraries:
0x000007f796850000 - 0x000007f796887000 	C:\Program Files\Java\jre1.8.0_77\bin\javaw.exe
0x000007fe05bd0000 - 0x000007fe05d8e000 	C:\WINDOWS\SYSTEM32\ntdll.dll
0x000007fe04820000 - 0x000007fe04957000 	C:\WINDOWS\system32\KERNEL32.DLL
0x000007fe02bc0000 - 0x000007fe02cb4000 	C:\WINDOWS\system32\KERNELBASE.dll
0x000007fe05420000 - 0x000007fe054fe000 	C:\WINDOWS\system32\ADVAPI32.dll
0x000007fe04530000 - 0x000007fe0467c000 	C:\WINDOWS\system32\USER32.dll
0x000007fdffca0000 - 0x000007fdfff0a000 	C:\WINDOWS\WinSxS\amd64_microsoft.windows.common-controls_6595b64144ccf1df_6.0.9200.17359_none_4188b989718cf1c6\COMCTL32.dll
0x000007fe05500000 - 0x000007fe055a5000 	C:\WINDOWS\system32\msvcrt.dll
0x000007fe04bb0000 - 0x000007fe04bf8000 	C:\WINDOWS\SYSTEM32\sechost.dll
0x000007fe05010000 - 0x000007fe05150000 	C:\WINDOWS\system32\RPCRT4.dll
0x000007fe046d0000 - 0x000007fe04811000 	C:\WINDOWS\system32\GDI32.dll
0x000007fe04690000 - 0x000007fe046c9000 	C:\WINDOWS\system32\IMM32.DLL
0x000007fe05300000 - 0x000007fe05416000 	C:\WINDOWS\system32\MSCTF.dll
0x0000000058a10000 - 0x0000000058ae2000 	C:\Program Files\Java\jre1.8.0_77\bin\msvcr100.dll
0x0000000057e70000 - 0x0000000058700000 	C:\Program Files\Java\jre1.8.0_77\bin\server\jvm.dll
0x000007fdfbe70000 - 0x000007fdfbe79000 	C:\WINDOWS\SYSTEM32\WSOCK32.dll
0x000007fdfc7e0000 - 0x000007fdfc800000 	C:\WINDOWS\SYSTEM32\WINMM.dll
0x000007fe00600000 - 0x000007fe00609000 	C:\WINDOWS\SYSTEM32\VERSION.dll
0x000007fe04970000 - 0x000007fe04977000 	C:\WINDOWS\system32\PSAPI.DLL
0x000007fe051f0000 - 0x000007fe05248000 	C:\WINDOWS\system32\WS2_32.dll
0x000007fdfc770000 - 0x000007fdfc7a2000 	C:\WINDOWS\SYSTEM32\WINMMBASE.dll
0x000007fe04960000 - 0x000007fe04969000 	C:\WINDOWS\system32\NSI.dll
0x0000000057e60000 - 0x0000000057e6f000 	C:\Program Files\Java\jre1.8.0_77\bin\verify.dll
0x0000000057e30000 - 0x0000000057e59000 	C:\Program Files\Java\jre1.8.0_77\bin\java.dll
0x00000000589d0000 - 0x0000000058a05000 	C:\Program Files\Java\jre1.8.0_77\bin\jdwp.dll
0x00000000589c0000 - 0x00000000589c8000 	C:\Program Files\Java\jre1.8.0_77\bin\npt.dll
0x0000000057e10000 - 0x0000000057e26000 	C:\Program Files\Java\jre1.8.0_77\bin\zip.dll
0x000007fe03240000 - 0x000007fe04525000 	C:\WINDOWS\system32\SHELL32.dll
0x000007fe03030000 - 0x000007fe031e0000 	C:\WINDOWS\SYSTEM32\combase.dll
0x000007fe05940000 - 0x000007fe05990000 	C:\WINDOWS\system32\SHLWAPI.dll
0x000007fe00e20000 - 0x000007fe00eb6000 	C:\WINDOWS\SYSTEM32\SHCORE.dll
0x000007fe02af0000 - 0x000007fe02b05000 	C:\WINDOWS\SYSTEM32\profapi.dll
0x00000000589b0000 - 0x00000000589b9000 	C:\Program Files\Java\jre1.8.0_77\bin\dt_socket.dll
0x000007fdfb560000 - 0x000007fdfb574000 	C:\WINDOWS\system32\napinsp.dll
0x000007fdfb540000 - 0x000007fdfb558000 	C:\WINDOWS\system32\pnrpnsp.dll
0x000007fe00bb0000 - 0x000007fe00bc6000 	C:\WINDOWS\system32\NLAapi.dll
0x000007fe02340000 - 0x000007fe0239c000 	C:\WINDOWS\System32\mswsock.dll
0x000007fe02180000 - 0x000007fe02218000 	C:\WINDOWS\SYSTEM32\DNSAPI.dll
0x000007fdfaa70000 - 0x000007fdfaa82000 	C:\WINDOWS\System32\winrnr.dll
0x000007fdfaa50000 - 0x000007fdfaa64000 	C:\WINDOWS\system32\wshbth.dll
0x000007fe003f0000 - 0x000007fe00451000 	C:\WINDOWS\System32\fwpuclnt.dll
0x000007fdf9ba0000 - 0x000007fdf9ba8000 	C:\Windows\System32\rasadhlp.dll
0x000007fdfbb10000 - 0x000007fdfbc73000 	C:\WINDOWS\SYSTEM32\dbghelp.dll

VM Arguments:
jvm_args: -agentlib:jdwp=transport=dt_socket,suspend=y,address=localhost:49880 -Dfile.encoding=Cp1252 
java_command: main.CLIMain
java_class_path (initial): C:\Users\hyesung\git\CmpE133\bin
Launcher Type: SUN_STANDARD

Environment Variables:
PATH=C:/Program Files/Java/jre1.8.0_77/bin/server;C:/Program Files/Java/jre1.8.0_77/bin;C:/Program Files/Java/jre1.8.0_77/lib/amd64;C:\ProgramData\Oracle\Java\javapath;C:\Program Files (x86)\Intel\iCLS Client\;C:\Program Files\Intel\iCLS Client\;C:\WINDOWS\system32;C:\WINDOWS;C:\WINDOWS\System32\Wbem;C:\WINDOWS\System32\WindowsPowerShell\v1.0\;C:\Program Files\Intel\Intel(R) Management Engine Components\DAL;C:\Program Files\Intel\Intel(R) Management Engine Components\IPT;C:\Program Files (x86)\Intel\Intel(R) Management Engine Components\DAL;C:\Program Files (x86)\Intel\Intel(R) Management Engine Components\IPT;C:\Program Files (x86)\Intel\OpenCL SDK\2.0\bin\x86;C:\Program Files (x86)\Intel\OpenCL SDK\2.0\bin\x64;C:\Program Files\Intel\WiFi\bin\;C:\Program Files\Common Files\Intel\WirelessCommon\;C:\WINDOWS\system32;
USERNAME=hyesung
OS=Windows_NT
PROCESSOR_IDENTIFIER=Intel64 Family 6 Model 58 Stepping 9, GenuineIntel



---------------  S Y S T E M  ---------------

OS: Windows 8 , 64 bit Build 9200 (6.2.9200.16859)

CPU:total 8 (4 cores per cpu, 2 threads per core) family 6 model 58 stepping 9, cmov, cx8, fxsr, mmx, sse, sse2, sse3, ssse3, sse4.1, sse4.2, popcnt, avx, aes, clmul, erms, ht, tsc, tscinvbit, tscinv

Memory: 4k page, physical 8271708k(5146320k free), swap 9516892k(4103380k free)

vm_info: Java HotSpot(TM) 64-Bit Server VM (25.77-b03) for windows-amd64 JRE (1.8.0_77-b03), built on Mar 20 2016 22:01:33 by "java_re" with MS VC++ 10.0 (VS2010)

time: Thu May 05 18:35:07 2016
elapsed time: 3139 seconds (0d 0h 52m 19s)

